    1  sudo yum -y update kernel
    2  exit
    3  ssh vagrant@127.0.0.1 -i /Users/xxxx/.vagrant/machines/default/virtualbox -p 2222
    4  ssh vagrant@127.0.0.1 -i /Users/watanabedaishi/.vagrant/machines/default/virtualbox -p 2222
    5  exit
    6  sudo yum -y groupinstall "development tools"
    7  sudo yum -y install epel-release wget
    8  sudo wget http://rpms.famillecollet.com/enterprise/remi-release-7.rpm
    9  sudo rpm -Uvh remi-release-7.rpm
   10  sudo yum -y install --enablerepo=remi-php72 php php-pdo php-mysqlnd php-mbstring php-xml php-fpm php-common php-devel php-mysql unzip
   11  php -v
   12  php -r "copy('https://getcomposer.org/installer', 'composer-setup.php');"
   13  php composer-setup.php
   14  php -r "unlink('composer-setup.php');"
   15  sudo mv composer.phar /usr/local/bin/composer
   16  composer -v
   17  ls /
   18  ls /usr
   19  pwd
   20  cd /vagrant
   21  pwd
   22  mkdir server_lesson && cd server_lesson
   23  git init
   24  touch first.txt
   25  mkdir server_lesson/linux_practice/public
   26  mkdir -p server_lesson/linux_practice/public
   27  ls server_lesson server_lesson/linux_practice
   28  cd /vsgant
   29  cd ..vsgant
   30  cd /vagrant
   31  touch server_lesson/linux_practice/public/index.php
   32  ls
   33  cd sever_lesson
   34  cd /sever_lesson
   35  cd /server_lesson
   36  cd server_lesson
   37  ls
   38  rm server_sesson
   39  rm -r  server_sesson
   40  rm -r  server_lesson
   41  ls
   42  cd /vagrant
   43  mkdir server_lesson/linux_practice/public
   44  mkdir -p  server_lesson/linux_practice/public
   45  ls server_lesson server_lesson/linux_practice
   46  cd /vagrant
   47  touch server_lesson/linux_practice/public/index.php
   48  ls server_lesson/linux_practice/public
   49  cd /vagrant/server_lesson && ls
   50  cd /vagrant/server_lesson/linux_practice/public
   51  cp index.php index_bk.php
   52  ls
   53  cd /vagrant/server_lesson/linux_practice
   54  cp -r public tmp
   55  ls ./ public tmp
   56  cd /vagrant
   57  mv server_lesson/linux_practice server_lesson/linux_practice1
   58  mkdir linux_practice2 linux_practice3
   59  mv ./linux_practice2 ./server_lesson
   60  cd /vagrant/server_lesson/linux_practice1/tmp/
   61  rm *_bk.php
   62  ls
   63  cd /vagrant
   64  rm server_lesson/first.txt
   65  rm -r linux_practice3
   66  ls server_lesson
   67  cd /vagrant/server_lesson
   68  echo '# サーバレッスン' > README.md
   69  echo 'Linuxプラクティス' >> README.md
   70  echo '-----------------' >> README.md
   71  cat README.md
   72  cd /vagrant/server_lesson
   73  vi README.md
   74  ls
   75  ls server_lesson/linux_practice2
   76  ls server_lesson/linux_practice1
   77  ls vagrant/server_lesson/linux_practice1
   78  ls linux_practice1
   79  ls linux_practice1/public
   80  ls linux_practice1/tmp
   81  git status
   82  git add .
   83  git status
   84  git commit -m 'server_lesson 課題1'
   85  git status
   86  git log
   87  git remote add origin https://github.com/D-Watanab/server_lesson.git
   88  git remote -v
   89  git push origin master
   90  ls
   91  mkdir -p linux_practice/documents
   92  ls
   93  rm -r linux_practice
   94  ls
   95  mkdir linux_practice2/documents
   96  ls linux_practice
   97  ls linux_practice2
   98  touch linux/practice2/gizumo{01..50}.md
   99  touch linux_practice2/gizumo{01..50}.md
  100  ls linux_practice2
  101  mkdir linux_practice2/trash
  102  ls linux_practice2
  103  rm linux_practice2/gizumo{01..50}.md
  104  ls linux_practice2
  105  touch linux_practice2/documents/gizumo{01..50}.md
  106  ls linux_practice2/documents
  107  mv linux_practice2/documents/gizumo{20..40} linux_practice2/trash/
  108  mv linux_practice2/documents/gizumo{20..40}.md linux_practice2/trash/
  109  ls linux/practice2/trash
  110  ls linux_practice2/trash
  111  touch linux_practice2/.gitignore
  112  vi linux_practice2/.gitignore
  113  history 300 > linux_practice2/exec_command.log
